<?xml version="1.0" encoding="UTF-8"?>
<robot generator="Robot 7.0 (Python 3.10.9 on win32)" generated="2024-01-19T13:30:12.628313" rpa="false" schemaversion="5">
<suite id="s1" name="Demo" source="C:\development\robot-scripts\key-word.demo\tests\demo.robot">
<test id="s1-t1" name="Adding new user" line="10">
<kw name="User opens the browser and goes the website">
<msg time="2024-01-19T13:30:12.686528" level="FAIL">No keyword with name 'User opens the browser and goes the website' found.</msg>
<status status="FAIL" start="2024-01-19T13:30:12.686528" elapsed="0.000000">No keyword with name 'User opens the browser and goes the website' found.</status>
</kw>
<kw name="Automation.Gui.User clicks on sign in button and enters his credentials">
<status status="NOT RUN" start="2024-01-19T13:30:12.688595" elapsed="0.000000"/>
</kw>
<kw name="Automation.Gui.User adds a new customer">
<status status="NOT RUN" start="2024-01-19T13:30:12.690653" elapsed="0.000000"/>
</kw>
<kw name="Automation.Gui.User verifies that a new customer has been added">
<status status="NOT RUN" start="2024-01-19T13:30:12.692699" elapsed="0.000000"/>
</kw>
<kw name="User closes the webbrowser">
<status status="NOT RUN" start="2024-01-19T13:30:12.694911" elapsed="0.000000"/>
</kw>
<doc>Sample test case with Keywords</doc>
<tag>Smoke</tag>
<status status="FAIL" start="2024-01-19T13:30:12.681738" elapsed="0.014185">No keyword with name 'User opens the browser and goes the website' found.</status>
</test>
<doc>This is some basic info about the whole suite</doc>
<status status="FAIL" start="2024-01-19T13:30:12.632309" elapsed="0.065435"/>
</suite>
<statistics>
<total>
<stat pass="0" fail="1" skip="0">All Tests</stat>
</total>
<tag>
<stat pass="0" fail="1" skip="0">Smoke</stat>
</tag>
<suite>
<stat pass="0" fail="1" skip="0" id="s1" name="Demo">Demo</stat>
</suite>
</statistics>
<errors>
<msg time="2024-01-19T13:30:12.678405" level="ERROR">Error in file 'C:\development\robot-scripts\key-word.demo\tests\demo.robot' on line 3: Resource file 'C:developmentobot-scriptsKEY-WORD.demoResourcesAutomation.Gui.robot' does not exist.</msg>
<msg time="2024-01-19T13:30:12.679440" level="ERROR">Error in file 'C:\development\robot-scripts\key-word.demo\tests\demo.robot' on line 4: Resource file 'C:developmentobot-scriptsKEY-WORD.demoResourcesCommon.robot' does not exist.</msg>
</errors>
</robot>
